make all --print-data-base --no-builtin-variables --no-builtin-rules --question
# GNU Make 3.81
# Copyright (C) 2006  Free Software Foundation, Inc.
# This is free software; see the source for copying conditions.
# There is NO warranty; not even for MERCHANTABILITY or FITNESS FOR A
# PARTICULAR PURPOSE.

# This program built for i386-apple-darwin11.3.0
 

# Make data base, printed on Tue Jul 11 08:26:24 2023

# Variables

# makefile (from `Makefile', line 20)
UTILS = utils/ft_atoi.c utils/ft_error.c utils/ft_split.c utils/ft_strcmp.c utils/ft_strncmp.c utils/ft_substr.c utils/ft_strndup.c parser/utils/free_split.c
# automatic
<D = $(patsubst %/,%,$(dir $<))
# automatic
?F = $(notdir $?)
# makefile (from `Makefile', line 28)
CAST = cast/raycastingh.c cast/raycastingv.c cast/distance.c cast/is_wall.c cast/raycasting.c cast/create_img.c cast/normalizer.c
# makefile (from `Makefile', line 40)
OBJ = $(SRC:.c=.o)
# environment
VSCODE_CRASH_REPORTER_PROCESS_TYPE = extensionHost
# makefile (from `Makefile', line 32)
SRC = main.c $(MOVE) $(CAST) $(RENDER) $(PARSING)
# automatic
?D = $(patsubst %/,%,$(dir $?))
# automatic
@D = $(patsubst %/,%,$(dir $@))
# automatic
@F = $(notdir $@)
# makefile
CURDIR := /Users/abouazi/Desktop/Cub3D_2
# makefile
SHELL = /bin/sh
# makefile (from `Makefile', line 38)
RM = rm -f
# environment
VSCODE_NLS_CONFIG = {"locale":"en-us","osLocale":"en","availableLanguages":{},"_languagePackSupport":true}
# environment
_ = /usr/bin/make
# makefile (from `Makefile', line 1)
MAKEFILE_LIST :=  Makefile
# environment
VSCODE_CWD = /
# environment
PATH = /usr/local/bin:/usr/bin:/bin:/usr/sbin:/sbin:/usr/local/munki:/Library/Apple/usr/bin
# makefile (from `Makefile', line 30)
RENDER = render/draw3d.c render/my_mlx.c render/wall.c render/textures.c
# environment
LSCOLORS = Gxfxcxdxbxegedabagacad
# environment
ELECTRON_RUN_AS_NODE = 1
# default
.FEATURES := target-specific order-only second-expansion else-if archives jobserver check-symlink
# environment
LS_COLORS = di=1;36:ln=35:so=32:pi=33:ex=31:bd=34;46:cd=34;43:su=30;41:sg=30;46:tw=30;42:ow=30;43
# makefile (from `Makefile', line 24)
PARSING = parser/parser.c ${CHECK} ${FILL} ${READ} ${UTILS} ${GNL}
# environment
SSH_AUTH_SOCK = /private/tmp/com.apple.launchd.RW549s7RtW/Listeners
# automatic
%F = $(notdir $%)
# environment
PWD = /Users/abouazi/Desktop/Cub3D_2
# environment
ORIGINAL_XDG_CURRENT_DESKTOP = undefined
# environment
VSCODE_AMD_ENTRYPOINT = vs/workbench/api/node/extensionHostProcess
# environment
HOME = /Users/abouazi
# default
MAKEFILEPATH := /Applications/Xcode.app/Contents/Developer/Makefiles
# environment
VSCODE_CODE_CACHE_PATH = /Users/abouazi/Library/Application Support/Code/CachedData/660393deaaa6d1996740ff4880f1bad43768c814
# environment
LOGNAME = abouazi
# environment
APPLICATION_INSIGHTS_NO_DIAGNOSTIC_CHANNEL = 1
# environment
ZSH = /Users/abouazi/.oh-my-zsh
# environment
VSCODE_HANDLES_UNCAUGHT_ERRORS = true
# automatic
^D = $(patsubst %/,%,$(dir $^))
# environment
XPC_FLAGS = 0x0
# default
MAKE = $(MAKE_COMMAND)
# default
MAKECMDGOALS := all
# environment
SHLVL = 1
# makefile (from `Makefile', line 35)
CC = gcc
# default
MAKE_VERSION := 3.81
# environment
USER = abouazi
# makefile (from `Makefile', line 16)
CHECK = parser/Check/colors.c parser/Check/elements.c parser/Check/extension.c parser/Check/floor_ciel.c parser/Check/headers.c parser/Check/textures.c
# makefile (from `Makefile', line 18)
FILL = parser/Fill/colors.c parser/Fill/textures.c
# makefile
.DEFAULT_GOAL := all
# makefile (from `Makefile', line 13)
NAME = cub3D
# environment
LESS = -R
# automatic
%D = $(patsubst %/,%,$(dir $%))
# default
MAKE_COMMAND := /Applications/Xcode.app/Contents/Developer/usr/bin/make
# makefile (from `Makefile', line 33)
INCL = cub3d.h
# default
.VARIABLES := 
# environment
TMPDIR = /var/folders/zz/zyxvpxvq6csfxvn_n000cdph0033dm/T/
# makefile (from `Makefile', line 26)
MOVE = move/left.c  move/right.c move/forward.c move/back.c move/rotate_left.c move/rotate_right.c move/esc.c move/init_keys.c move/press.c move/release.c move/move.c
# automatic
*F = $(notdir $*)
# environment
VSCODE_IPC_HOOK = /Users/abouazi/Library/Application Support/Code/1.80-main.sock
# environment
MallocNanoZone = 0
# makefile
MAKEFLAGS = Rrqp
# environment
MFLAGS = -Rrqp
# automatic
*D = $(patsubst %/,%,$(dir $*))
# environment
XPC_SERVICE_NAME = com.microsoft.VSCode.2160
# automatic
+D = $(patsubst %/,%,$(dir $+))
# environment
VSCODE_L10N_BUNDLE_LOCATION = 
# automatic
+F = $(notdir $+)
# makefile (from `Makefile', line 19)
READ = parser/Read/map.c
# environment
__CF_USER_TEXT_ENCODING = 0x18DB4:0x0:0x0
# default
MAKEFILES := 
# makefile (from `Makefile', line 23)
GNL = gnl/gnl.c gnl/gnl_utils.c
# automatic
<F = $(notdir $<)
# environment
PAGER = less
# environment
LC_ALL = C
# automatic
^F = $(notdir $^)
# default
SUFFIXES := 
# makefile (from `Makefile', line 36)
FLAGS = -Wall -Wextra -Werror
# makefile (from `Makefile', line 37)
FLAGS_MLX = -lmlx -framework OpenGL -framework AppKit
# default
.INCLUDE_DIRS = /usr/local/include
# environment
MAKELEVEL := 0
# environment
LANG = C
# environment
VSCODE_PID = 1723
# variable set hash-table stats:
# Load=80/1024=8%, Rehash=0, Collisions=10/135=7%

# Pattern-specific Variable Values

# No pattern-specific variable values.

# Directories

# parser/Fill (device 16777225, inode 146449): 5 files, no impossibilities so far.
# parser/Read (device 16777225, inode 146456): 3 files, no impossibilities so far.
# utils (device 16777225, inode 154156): 15 files, no impossibilities so far.
# . (device 16777225, inode 146000): 19 files, no impossibilities.
# parser (device 16777225, inode 146434): 5 files, no impossibilities so far.
# gnl (device 16777225, inode 146435): 6 files, no impossibilities.
# cast (device 16777225, inode 146057): 15 files, no impossibilities so far.
# render (device 16777225, inode 146064): 12 files, no impossibilities so far.
# move (device 16777225, inode 146063): 23 files, no impossibilities so far.
# parser/utils (device 16777225, inode 146459): 3 files, no impossibilities so far.
# parser/Check (device 16777225, inode 146436): 13 files, no impossibilities so far.

# 119 files, no impossibilities in 11 directories.

# Implicit Rules

%.o: %.c cub3d.h
#  commands to execute (from `Makefile', line 47):
	$(CC) $(FLAGS) -c $< -o $@
	

# 1 implicit rules, 0 (0.0%) terminal.

# Files

# Not a target:
parser/Check/textures.c:
#  Implicit rule search has been done.
#  Last modified 2023-07-07 20:16:00
#  File has been updated.
#  Successfully updated.
# variable set hash-table stats:
# Load=0/32=0%, Rehash=0, Collisions=0/0=0%

# Not a target:
move/init_keys.c:
#  Implicit rule search has been done.
#  Last modified 2023-07-11 08:21:19
#  File has been updated.
#  Successfully updated.
# variable set hash-table stats:
# Load=0/32=0%, Rehash=0, Collisions=0/0=0%

move/left.o: move/left.c cub3d.h
#  Implicit rule search has been done.
#  Implicit/static pattern stem: `move/left'
#  Last modified 2023-07-11 08:25:47
#  File has been updated.
#  Successfully updated.
# variable set hash-table stats:
# Load=0/32=0%, Rehash=0, Collisions=0/0=0%
#  commands to execute (from `Makefile', line 47):
	$(CC) $(FLAGS) -c $< -o $@
	

render/wall.o: render/wall.c cub3d.h
#  Implicit rule search has been done.
#  Implicit/static pattern stem: `render/wall'
#  Last modified 2023-07-11 08:25:48
#  File has been updated.
#  Successfully updated.
# variable set hash-table stats:
# Load=0/32=0%, Rehash=0, Collisions=0/0=0%
#  commands to execute (from `Makefile', line 47):
	$(CC) $(FLAGS) -c $< -o $@
	

# Not a target:
cast/normalizer.c:
#  Implicit rule search has been done.
#  Last modified 2023-07-10 06:52:26
#  File has been updated.
#  Successfully updated.
# variable set hash-table stats:
# Load=0/32=0%, Rehash=0, Collisions=0/0=0%

# Not a target:
move/forward.c:
#  Implicit rule search has been done.
#  Last modified 2023-07-11 08:21:06
#  File has been updated.
#  Successfully updated.
# variable set hash-table stats:
# Load=0/32=0%, Rehash=0, Collisions=0/0=0%

all: cub3D
#  Command-line target.
#  Implicit rule search has been done.
#  File does not exist.
#  File has been updated.
#  Needs to be updated (-q is set).
# variable set hash-table stats:
# Load=0/32=0%, Rehash=0, Collisions=0/17=0%

parser/parser.o: parser/parser.c cub3d.h
#  Implicit rule search has been done.
#  Implicit/static pattern stem: `parser/parser'
#  Last modified 2023-07-11 08:25:48
#  File has been updated.
 
#  Successfully updated.
# variable set hash-table stats:
# Load=0/32=0%, Rehash=0, Collisions=0/0=0%
#  commands to execute (from `Makefile', line 47):
	$(CC) $(FLAGS) -c $< -o $@
	

render/draw3d.o: render/draw3d.c cub3d.h
#  Implicit rule search has been done.
#  Implicit/static pattern stem: `render/draw3d'
#  Last modified 2023-07-11 08:25:48
#  File has been updated.
#  Successfully updated.
# variable set hash-table stats:
# Load=0/32=0%, Rehash=0, Collisions=0/0=0%
#  commands to execute (from `Makefile', line 47):
	$(CC) $(FLAGS) -c $< -o $@
	

utils/ft_substr.o: utils/ft_substr.c cub3d.h
#  Implicit rule search has been done.
#  Implicit/static pattern stem: `utils/ft_substr'
#  Last modified 2023-07-11 08:25:49
#  File has been updated.
#  Successfully updated.
# variable set hash-table stats:
# Load=0/32=0%, Rehash=0, Collisions=0/0=0%
#  commands to execute (from `Makefile', line 47):
	$(CC) $(FLAGS) -c $< -o $@
	

# Not a target:
move/back.c:
#  Implicit rule search has been done.
#  Last modified 2023-07-11 08:18:56
#  File has been updated.
#  Successfully updated.
# variable set hash-table stats:
# Load=0/32=0%, Rehash=0, Collisions=0/0=0%

# Not a target:
utils/ft_split.c:
#  Implicit rule search has been done.
#  Last modified 2023-07-07 20:16:00
#  File has been updated.
#  Successfully updated.
# variable set hash-table stats:
# Load=0/32=0%, Rehash=0, Collisions=0/0=0%

# Not a target:
main.c:
#  Implicit rule search has been done.
#  Last modified 2023-07-11 08:25:46
#  File has been updated.
#  Successfully updated.
# variable set hash-table stats:
# Load=0/32=0%, Rehash=0, Collisions=0/0=0%

# Not a target:
render/textures.c:
#  Implicit rule search has been done.
#  Last modified 2023-07-10 09:21:46
#  File has been updated.
#  Successfully updated.
# variable set hash-table stats:
# Load=0/32=0%, Rehash=0, Collisions=0/0=0%

cub3D: main.o move/left.o move/right.o move/forward.o move/back.o move/rotate_left.o move/rotate_right.o move/esc.o move/init_keys.o move/press.o move/release.o move/move.o cast/raycastingh.o cast/raycastingv.o cast/distance.o cast/is_wall.o cast/raycasting.o cast/create_img.o cast/normalizer.o render/draw3d.o render/my_mlx.o render/wall.o render/textures.o parser/parser.o parser/Check/colors.o parser/Check/elements.o parser/Check/extension.o parser/Check/floor_ciel.o parser/Check/headers.o parser/Check/textures.o parser/Fill/colors.o parser/Fill/textures.o parser/Read/map.o utils/ft_atoi.o utils/ft_error.o utils/ft_split.o utils/ft_strcmp.o utils/ft_strncmp.o utils/ft_substr.o utils/ft_strndup.o parser/utils/free_split.o gnl/gnl.o gnl/gnl_utils.o
#  Implicit rule search has not been done.
#  Implicit/static pattern stem: `'
#  File does not exist.
#  File has been updated.
#  Needs to be updated (-q is set).
# automatic
# @ := cub3D
# automatic
# % := 
# automatic
# * := 
# automatic
# + := main.o move/left.o move/right.o move/forward.o move/back.o move/rotate_left.o move/rotate_right.o move/esc.o move/init_keys.o move/press.o move/release.o move/move.o cast/raycastingh.o cast/raycastingv.o cast/distance.o cast/is_wall.o cast/raycasting.o cast/create_img.o cast/normalizer.o render/draw3d.o render/my_mlx.o render/wall.o render/textures.o parser/parser.o parser/Check/colors.o parser/Check/elements.o parser/Check/extension.o parser/Check/floor_ciel.o parser/Check/headers.o parser/Check/textures.o parser/Fill/colors.o parser/Fill/textures.o parser/Read/map.o utils/ft_atoi.o utils/ft_error.o utils/ft_split.o utils/ft_strcmp.o utils/ft_strncmp.o utils/ft_substr.o utils/ft_strndup.o parser/utils/free_split.o gnl/gnl.o gnl/gnl_utils.o
# automatic
# | := 
# automatic
# < := main.o
# automatic
# ^ := main.o move/left.o move/right.o move/forward.o move/back.o move/rotate_left.o move/rotate_right.o move/esc.o move/init_keys.o move/press.o move/release.o move/move.o cast/raycastingh.o cast/raycastingv.o cast/distance.o cast/is_wall.o cast/raycasting.o cast/create_img.o cast/normalizer.o render/draw3d.o render/my_mlx.o render/wall.o render/textures.o parser/parser.o parser/Check/colors.o parser/Check/elements.o parser/Check/extension.o parser/Check/floor_ciel.o parser/Check/headers.o parser/Check/textures.o parser/Fill/colors.o parser/Fill/textures.o parser/Read/map.o utils/ft_atoi.o utils/ft_error.o utils/ft_split.o utils/ft_strcmp.o utils/ft_strncmp.o utils/ft_substr.o utils/ft_strndup.o parser/utils/free_split.o gnl/gnl.o gnl/gnl_utils.o
# automatic
# ? := main.o move/left.o move/right.o move/forward.o move/back.o move/rotate_left.o move/rotate_right.o move/esc.o move/init_keys.o move/press.o move/release.o move/move.o cast/raycastingh.o cast/raycastingv.o cast/distance.o cast/is_wall.o cast/raycasting.o cast/create_img.o cast/normalizer.o render/draw3d.o render/my_mlx.o render/wall.o render/textures.o parser/parser.o parser/Check/colors.o parser/Check/elements.o parser/Check/extension.o parser/Check/floor_ciel.o parser/Check/headers.o parser/Check/textures.o parser/Fill/colors.o parser/Fill/textures.o parser/Read/map.o utils/ft_atoi.o utils/ft_error.o utils/ft_split.o utils/ft_strcmp.o utils/ft_strncmp.o utils/ft_substr.o utils/ft_strndup.o parser/utils/free_split.o gnl/gnl.o gnl/gnl_utils.o
# variable set hash-table stats:
# Load=8/32=25%, Rehash=0, Collisions=6/25=24%
#  commands to execute (from `Makefile', line 44):
	$(CC) $(FLAGS) $(OBJ)  $(FLAGS_MLX)  -o $(NAME)
	

cast/raycasting.o: cast/raycasting.c cub3d.h
#  Implicit rule search has been done.
#  Implicit/static pattern stem: `cast/raycasting'
#  Last modified 2023-07-11 08:25:48
#  File has been updated.
#  Successfully updated.
# variable set hash-table stats:
# Load=0/32=0%, Rehash=0, Collisions=0/0=0%
#  commands to execute (from `Makefile', line 47):
	$(CC) $(FLAGS) -c $< -o $@
	

# Not a target:
parser/Check/headers.c:
#  Implicit rule search has been done.
#  Last modified 2023-07-07 20:16:00
#  File has been updated.
#  Successfully updated.
# variable set hash-table stats:
# Load=0/32=0%, Rehash=0, Collisions=0/0=0%

parser/Fill/colors.o: parser/Fill/colors.c cub3d.h
#  Implicit rule search has been done.
#  Implicit/static pattern stem: `parser/Fill/colors'
#  Last modified 2023-07-11 08:25:48
#  File has been updated.
#  Successfully updated.
# variable set hash-table stats:
# Load=0/32=0%, Rehash=0, Collisions=0/0=0%
#  commands to execute (from `Makefile', line 47):
	$(CC) $(FLAGS) -c $< -o $@
	

# Not a target:
move/rotate_right.c:
#  Implicit rule search has been done.
#  Last modified 2023-07-09 19:43:15
#  File has been updated.
#  Successfully updated.
# variable set hash-table stats:
# Load=0/32=0%, Rehash=0, Collisions=0/0=0%

# Not a target:
.SUFFIXES:
#  Implicit rule search has not been done.
#  Modification time never checked.
#  File has not been updated.

utils/ft_strndup.o: utils/ft_strndup.c cub3d.h
#  Implicit rule search has been done.
#  Implicit/static pattern stem: `utils/ft_strndup'
#  Last modified 2023-07-11 08:25:49
#  File has been updated.
#  Successfully updated.
# variable set hash-table stats:
# Load=0/32=0%, Rehash=0, Collisions=0/0=0%
#  commands to execute (from `Makefile', line 47):
	$(CC) $(FLAGS) -c $< -o $@
	

utils/ft_strncmp.o: utils/ft_strncmp.c cub3d.h
#  Implicit rule search has been done.
#  Implicit/static pattern stem: `utils/ft_strncmp'
#  Last modified 2023-07-11 08:25:49
#  File has been updated.
#  Successfully updated.
# variable set hash-table stats:
# Load=0/32=0%, Rehash=0, Collisions=0/0=0%
#  commands to execute (from `Makefile', line 47):
	$(CC) $(FLAGS) -c $< -o $@
	

parser/utils/free_split.o: parser/utils/free_split.c cub3d.h
#  Implicit rule search has been done.
#  Implicit/static pattern stem: `parser/utils/free_split'
#  Last modified 2023-07-11 08:25:49
#  File has been updated.
#  Successfully updated.
# variable set hash-table stats:
# Load=0/32=0%, Rehash=0, Collisions=0/0=0%
#  commands to execute (from `Makefile', line 47):
	$(CC) $(FLAGS) -c $< -o $@
	

# Not a target:
Makefile:
#  Implicit rule search has been done.
#  Last modified 2023-07-11 08:26:08
#  File has been updated.
#  Successfully updated.
# variable set hash-table stats:
 
# Load=0/32=0%, Rehash=0, Collisions=0/0=0%

cast/is_wall.o: cast/is_wall.c cub3d.h
#  Implicit rule search has been done.
#  Implicit/static pattern stem: `cast/is_wall'
#  Last modified 2023-07-11 08:25:48
#  File has been updated.
#  Successfully updated.
# variable set hash-table stats:
# Load=0/32=0%, Rehash=0, Collisions=0/0=0%
#  commands to execute (from `Makefile', line 47):
	$(CC) $(FLAGS) -c $< -o $@
	

move/rotate_left.o: move/rotate_left.c cub3d.h
#  Implicit rule search has been done.
#  Implicit/static pattern stem: `move/rotate_left'
#  Last modified 2023-07-11 08:25:47
#  File has been updated.
#  Successfully updated.
# variable set hash-table stats:
# Load=0/32=0%, Rehash=0, Collisions=0/0=0%
#  commands to execute (from `Makefile', line 47):
	$(CC) $(FLAGS) -c $< -o $@
	

utils/ft_strcmp.o: utils/ft_strcmp.c cub3d.h
#  Implicit rule search has been done.
#  Implicit/static pattern stem: `utils/ft_strcmp'
#  Last modified 2023-07-11 08:25:49
#  File has been updated.
#  Successfully updated.
# variable set hash-table stats:
# Load=0/32=0%, Rehash=0, Collisions=0/0=0%
#  commands to execute (from `Makefile', line 47):
	$(CC) $(FLAGS) -c $< -o $@
	

# Not a target:
cast/raycastingh.c:
#  Implicit rule search has been done.
#  Last modified 2023-07-11 08:14:11
#  File has been updated.
#  Successfully updated.
# variable set hash-table stats:
# Load=0/32=0%, Rehash=0, Collisions=0/0=0%

parser/Check/extension.o: parser/Check/extension.c cub3d.h
#  Implicit rule search has been done.
#  Implicit/static pattern stem: `parser/Check/extension'
#  Last modified 2023-07-11 08:25:48
#  File has been updated.
#  Successfully updated.
# variable set hash-table stats:
# Load=0/32=0%, Rehash=0, Collisions=0/0=0%
#  commands to execute (from `Makefile', line 47):
	$(CC) $(FLAGS) -c $< -o $@
	

# Not a target:
gnl/gnl.c:
#  Implicit rule search has been done.
#  Last modified 2023-07-11 08:16:33
#  File has been updated.
#  Successfully updated.
# variable set hash-table stats:
# Load=0/32=0%, Rehash=0, Collisions=0/0=0%

parser/Read/map.o: parser/Read/map.c cub3d.h
#  Implicit rule search has been done.
#  Implicit/static pattern stem: `parser/Read/map'
#  Last modified 2023-07-11 08:25:49
#  File has been updated.
#  Successfully updated.
# variable set hash-table stats:
# Load=0/32=0%, Rehash=0, Collisions=0/0=0%
#  commands to execute (from `Makefile', line 47):
	$(CC) $(FLAGS) -c $< -o $@
	

move/move.o: move/move.c cub3d.h
#  Implicit rule search has been done.
#  Implicit/static pattern stem: `move/move'
#  Last modified 2023-07-11 08:25:48
#  File has been updated.
#  Successfully updated.
# variable set hash-table stats:
# Load=0/32=0%, Rehash=0, Collisions=0/0=0%
#  commands to execute (from `Makefile', line 47):
	$(CC) $(FLAGS) -c $< -o $@
	

# Not a target:
move/left.c:
#  Implicit rule search has been done.
#  Last modified 2023-07-11 08:21:51
#  File has been updated.
#  Successfully updated.
# variable set hash-table stats:
# Load=0/32=0%, Rehash=0, Collisions=0/0=0%

# Not a target:
render/wall.c:
#  Implicit rule search has been done.
#  Last modified 2023-07-10 06:57:28
#  File has been updated.
#  Successfully updated.
# variable set hash-table stats:
# Load=0/32=0%, Rehash=0, Collisions=0/0=0%

cast/distance.o: cast/distance.c cub3d.h
#  Implicit rule search has been done.
#  Implicit/static pattern stem: `cast/distance'
#  Last modified 2023-07-11 08:25:48
#  File has been updated.
#  Successfully updated.
# variable set hash-table stats:
# Load=0/32=0%, Rehash=0, Collisions=0/0=0%
#  commands to execute (from `Makefile', line 47):
	$(CC) $(FLAGS) -c $< -o $@
	

move/release.o: move/release.c cub3d.h
#  Implicit rule search has been done.
#  Implicit/static pattern stem: `move/release'
#  Last modified 2023-07-11 08:25:48
#  File has been updated.
#  Successfully updated.
# variable set hash-table stats:
# Load=0/32=0%, Rehash=0, Collisions=0/0=0%
#  commands to execute (from `Makefile', line 47):
	$(CC) $(FLAGS) -c $< -o $@
	

render/my_mlx.o: render/my_mlx.c cub3d.h
#  Implicit rule search has been done.
#  Implicit/static pattern stem: `render/my_mlx'
#  Last modified 2023-07-11 08:25:48
#  File has been updated.
#  Successfully updated.
# variable set hash-table stats:
# Load=0/32=0%, Rehash=0, Collisions=0/0=0%
#  commands to execute (from `Makefile', line 47):
	$(CC) $(FLAGS) -c $< -o $@
	

move/right.o: move/right.c cub3d.h
#  Implicit rule search has been done.
#  Implicit/static pattern stem: `move/right'
#  Last modified 2023-07-11 08:25:47
#  File has been updated.
#  Successfully updated.
# variable set hash-table stats:
# Load=0/32=0%, Rehash=0, Collisions=0/0=0%
#  commands to execute (from `Makefile', line 47):
	$(CC) $(FLAGS) -c $< -o $@
	

parser/Check/colors.o: parser/Check/colors.c cub3d.h
#  Implicit rule search has been done.
#  Implicit/static pattern stem: `parser/Check/colors'
#  Last modified 2023-07-11 08:25:48
#  File has been updated.
#  Successfully updated.
# variable set hash-table stats:
# Load=0/32=0%, Rehash=0, Collisions=0/0=0%
#  commands to execute (from `Makefile', line 47):
	$(CC) $(FLAGS) -c $< -o $@
	

parser/Fill/textures.o: parser/Fill/textures.c cub3d.h
#  Implicit rule search has been done.
#  Implicit/static pattern stem: `parser/Fill/textures'
#  Last modified 2023-07-11 08:25:48
#  File has been updated.
#  Successfully updated.
# variable set hash-table stats:
# Load=0/32=0%, Rehash=0, Collisions=0/0=0%
#  commands to execute (from `Makefile', line 47):
	$(CC) $(FLAGS) -c $< -o $@
	

# Not a target:
parser/parser.c:
#  Implicit rule search has been done.
#  Last modified 2023-07-10 07:40:30
#  File has been updated.
#  Successfully updated.
# variable set hash-table stats:
# Load=0/32=0%, Rehash=0, Collisions=0/0=0%

# Not a target:
render/draw3d.c:
#  Implicit rule search has been done.
#  Last modified 2023-07-10 23:48:16
#  File has been updated.
#  Successfully updated.
# variable set hash-table stats:
# Load=0/32=0%, Rehash=0, Collisions=0/0=0%

move/press.o: move/press.c cub3d.h
#  Implicit rule search has been done.
#  Implicit/static pattern stem: `move/press'
#  Last modified 2023-07-11 08:25:48
#  File has been updated.
#  Successfully updated.
# variable set hash-table stats:
# Load=0/32=0%, Rehash=0, Collisions=0/0=0%
#  commands to execute (from `Makefile', line 47):
	$(CC) $(FLAGS) -c $< -o $@
	

# Not a target:
utils/ft_substr.c:
#  Implicit rule search has been done.
#  Last modified 2023-07-07 20:16:00
#  File has been updated.
#  Successfully updated.
# variable set hash-table stats:
# Load=0/32=0%, Rehash=0, Collisions=0/0=0%

fclean: clean
#  Implicit rule search has not been done.
#  Modification time never checked.
#  File has not been updated.
#  commands to execute (from `Makefile', line 50):
	$(RM) $(NAME)
	

# Not a target:
cast/create_img.c:
#  Implicit rule search has been done.
#  Last modified 2023-07-10 06:50:47
#  File has been updated.
#  Successfully updated.
# variable set hash-table stats:
# Load=0/32=0%, Rehash=0, Collisions=0/0=0%

utils/ft_atoi.o: utils/ft_atoi.c cub3d.h
#  Implicit rule search has been done.
#  Implicit/static pattern stem: `utils/ft_atoi'
#  Last modified 2023-07-11 08:25:49
#  File has been updated.
#  Successfully updated.
# variable set hash-table stats:
# Load=0/32=0%, Rehash=0, Collisions=0/0=0%
#  commands to execute (from `Makefile', line 47):
	$(CC) $(FLAGS) -c $< -o $@
	

# Not a target:
cast/raycasting.c:
#  Implicit rule search has been done.
#  Last modified 2023-07-11 08:11:00
#  File has been updated.
#  Successfully updated.
# variable set hash-table stats:
# Load=0/32=0%, Rehash=0, Collisions=0/0=0%

utils/ft_error.o: utils/ft_error.c cub3d.h
#  Implicit rule search has been done.
#  Implicit/static pattern stem: `utils/ft_error'
#  Last modified 2023-07-11 08:25:49
#  File has been updated.
#  Successfully updated.
# variable set hash-table stats:
# Load=0/32=0%, Rehash=0, Collisions=0/0=0%
#  commands to execute (from `Makefile', line 47):
	$(CC) $(FLAGS) -c $< -o $@
	

# Not a target:
parser/Fill/colors.c:
#  Implicit rule search has been done.
#  Last modified 2023-07-07 20:16:00
 
#  File has been updated.
#  Successfully updated.
# variable set hash-table stats:
# Load=0/32=0%, Rehash=0, Collisions=0/0=0%

# Not a target:
.DEFAULT:
#  Implicit rule search has not been done.
#  Modification time never checked.
#  File has not been updated.

# Not a target:
utils/ft_strndup.c:
#  Implicit rule search has been done.
#  Last modified 2023-07-07 20:16:00
#  File has been updated.
#  Successfully updated.
# variable set hash-table stats:
# Load=0/32=0%, Rehash=0, Collisions=0/0=0%

parser/Check/elements.o: parser/Check/elements.c cub3d.h
#  Implicit rule search has been done.
#  Implicit/static pattern stem: `parser/Check/elements'
#  Last modified 2023-07-11 08:25:48
#  File has been updated.
#  Successfully updated.
# variable set hash-table stats:
# Load=0/32=0%, Rehash=0, Collisions=0/0=0%
#  commands to execute (from `Makefile', line 47):
	$(CC) $(FLAGS) -c $< -o $@
	

# Not a target:
utils/ft_strncmp.c:
#  Implicit rule search has been done.
#  Last modified 2023-07-07 20:16:00
#  File has been updated.
#  Successfully updated.
# variable set hash-table stats:
# Load=0/32=0%, Rehash=0, Collisions=0/0=0%

# Not a target:
parser/utils/free_split.c:
#  Implicit rule search has been done.
#  Last modified 2023-07-07 20:16:00
#  File has been updated.
#  Successfully updated.
# variable set hash-table stats:
# Load=0/32=0%, Rehash=0, Collisions=0/0=0%

gnl/gnl_utils.o: gnl/gnl_utils.c cub3d.h
#  Implicit rule search has been done.
#  Implicit/static pattern stem: `gnl/gnl_utils'
#  Last modified 2023-07-11 08:25:49
#  File has been updated.
#  Successfully updated.
# variable set hash-table stats:
# Load=0/32=0%, Rehash=0, Collisions=0/0=0%
#  commands to execute (from `Makefile', line 47):
	$(CC) $(FLAGS) -c $< -o $@
	

# Not a target:
cast/is_wall.c:
#  Implicit rule search has been done.
#  Last modified 2023-07-11 08:05:02
#  File has been updated.
#  Successfully updated.
# variable set hash-table stats:
# Load=0/32=0%, Rehash=0, Collisions=0/0=0%

cast/create_img.o: cast/create_img.c cub3d.h
#  Implicit rule search has been done.
#  Implicit/static pattern stem: `cast/create_img'
#  Last modified 2023-07-11 08:25:48
#  File has been updated.
#  Successfully updated.
# variable set hash-table stats:
# Load=0/32=0%, Rehash=0, Collisions=0/0=0%
#  commands to execute (from `Makefile', line 47):
	$(CC) $(FLAGS) -c $< -o $@
	

cast/raycastingv.o: cast/raycastingv.c cub3d.h
#  Implicit rule search has been done.
#  Implicit/static pattern stem: `cast/raycastingv'
#  Last modified 2023-07-11 08:25:48
#  File has been updated.
#  Successfully updated.
# variable set hash-table stats:
# Load=0/32=0%, Rehash=0, Collisions=0/0=0%
#  commands to execute (from `Makefile', line 47):
	$(CC) $(FLAGS) -c $< -o $@
	

# Not a target:
move/rotate_left.c:
#  Implicit rule search has been done.
#  Last modified 2023-07-09 19:43:25
#  File has been updated.
#  Successfully updated.
# variable set hash-table stats:
# Load=0/32=0%, Rehash=0, Collisions=0/0=0%

# Not a target:
utils/ft_strcmp.c:
#  Implicit rule search has been done.
#  Last modified 2023-07-07 20:16:00
#  File has been updated.
#  Successfully updated.
# variable set hash-table stats:
# Load=0/32=0%, Rehash=0, Collisions=0/0=0%

parser/Check/textures.o: parser/Check/textures.c cub3d.h
#  Implicit rule search has been done.
#  Implicit/static pattern stem: `parser/Check/textures'
#  Last modified 2023-07-11 08:25:48
#  File has been updated.
#  Successfully updated.
# variable set hash-table stats:
# Load=0/32=0%, Rehash=0, Collisions=0/0=0%
#  commands to execute (from `Makefile', line 47):
	$(CC) $(FLAGS) -c $< -o $@
	

re: fclean all
#  Implicit rule search has not been done.
#  Modification time never checked.
#  File has not been updated.

move/init_keys.o: move/init_keys.c cub3d.h
#  Implicit rule search has been done.
#  Implicit/static pattern stem: `move/init_keys'
#  Last modified 2023-07-11 08:25:47
#  File has been updated.
#  Successfully updated.
# variable set hash-table stats:
# Load=0/32=0%, Rehash=0, Collisions=0/0=0%
#  commands to execute (from `Makefile', line 47):
	$(CC) $(FLAGS) -c $< -o $@
	

# Not a target:
parser/Check/extension.c:
#  Implicit rule search has been done.
#  Last modified 2023-07-07 20:16:00
#  File has been updated.
#  Successfully updated.
# variable set hash-table stats:
# Load=0/32=0%, Rehash=0, Collisions=0/0=0%

run: fclean all
#  Implicit rule search has not been done.
#  Modification time never checked.
#  File has not been updated.
#  commands to execute (from `Makefile', line 59):
	./cub3D
	

clean:
#  Implicit rule search has not been done.
#  Modification time never checked.
#  File has not been updated.
#  commands to execute (from `Makefile', line 53):
	$(RM) $(OBJ)
	

# Not a target:
parser/Read/map.c:
#  Implicit rule search has been done.
#  Last modified 2023-07-07 20:16:00
#  File has been updated.
#  Successfully updated.
# variable set hash-table stats:
# Load=0/32=0%, Rehash=0, Collisions=0/0=0%

# Not a target:
move/move.c:
#  Implicit rule search has been done.
#  Last modified 2023-07-11 08:24:53
#  File has been updated.
#  Successfully updated.
# variable set hash-table stats:
# Load=0/32=0%, Rehash=0, Collisions=0/0=0%

cast/normalizer.o: cast/normalizer.c cub3d.h
#  Implicit rule search has been done.
#  Implicit/static pattern stem: `cast/normalizer'
#  Last modified 2023-07-11 08:25:48
#  File has been updated.
#  Successfully updated.
# variable set hash-table stats:
# Load=0/32=0%, Rehash=0, Collisions=0/0=0%
#  commands to execute (from `Makefile', line 47):
	$(CC) $(FLAGS) -c $< -o $@
	

# Not a target:
cub3d.h:
#  Implicit rule search has been done.
#  Last modified 2023-07-11 08:25:07
#  File has been updated.
#  Successfully updated.
# variable set hash-table stats:
# Load=0/32=0%, Rehash=0, Collisions=0/0=0%

# Not a target:
cast/distance.c:
#  Implicit rule search has been done.
#  Last modified 2023-07-11 08:02:47
#  File has been updated.
#  Successfully updated.
# variable set hash-table stats:
# Load=0/32=0%, Rehash=0, Collisions=0/0=0%

move/forward.o: move/forward.c cub3d.h
#  Implicit rule search has been done.
#  Implicit/static pattern stem: `move/forward'
#  Last modified 2023-07-11 08:25:47
#  File has been updated.
#  Successfully updated.
# variable set hash-table stats:
# Load=0/32=0%, Rehash=0, Collisions=0/0=0%
#  commands to execute (from `Makefile', line 47):
	$(CC) $(FLAGS) -c $< -o $@
	

# Not a target:
move/release.c:
#  Implicit rule search has been done.
#  Last modified 2023-07-10 06:43:38
#  File has been updated.
#  Successfully updated.
# variable set hash-table stats:
# Load=0/32=0%, Rehash=0, Collisions=0/0=0%

# Not a target:
render/my_mlx.c:
#  Implicit rule search has been done.
#  Last modified 2023-07-10 06:55:51
#  File has been updated.
#  Successfully updated.
# variable set hash-table stats:
# Load=0/32=0%, Rehash=0, Collisions=0/0=0%

# Not a target:
move/right.c:
#  Implicit rule search has been done.
#  Last modified 2023-07-09 08:29:26
#  File has been updated.
#  Successfully updated.
# variable set hash-table stats:
# Load=0/32=0%, Rehash=0, Collisions=0/0=0%

# Not a target:
parser/Check/colors.c:
#  Implicit rule search has been done.
#  Last modified 2023-07-07 20:16:00
#  File has been updated.
#  Successfully updated.
# variable set hash-table stats:
# Load=0/32=0%, Rehash=0, Collisions=0/0=0%

# Not a target:
parser/Fill/textures.c:
#  Implicit rule search has been done.
#  Last modified 2023-07-07 20:16:00
#  File has been updated.
#  Successfully updated.
# variable set hash-table stats:
# Load=0/32=0%, Rehash=0, Collisions=0/0=0%

utils/ft_split.o: utils/ft_split.c cub3d.h
#  Implicit rule search has been done.
#  Implicit/static pattern stem: `utils/ft_split'
#  Last modified 2023-07-11 08:25:49
#  File has been updated.
#  Successfully updated.
# variable set hash-table stats:
# Load=0/32=0%, Rehash=0, Collisions=0/0=0%
#  commands to execute (from `Makefile', line 47):
	$(CC) $(FLAGS) -c $< -o $@
	

# Not a target:
move/press.c:
#  Implicit rule search has been done.
#  Last modified 2023-07-10 06:43:29
#  File has been updated.
 
#  Successfully updated.
# variable set hash-table stats:
# Load=0/32=0%, Rehash=0, Collisions=0/0=0%

main.o: main.c cub3d.h
#  Implicit rule search has been done.
#  Implicit/static pattern stem: `main'
#  Last modified 2023-07-11 08:25:47
#  File has been updated.
#  Successfully updated.
# variable set hash-table stats:
# Load=0/32=0%, Rehash=0, Collisions=0/0=0%
#  commands to execute (from `Makefile', line 47):
	$(CC) $(FLAGS) -c $< -o $@
	

render/textures.o: render/textures.c cub3d.h
#  Implicit rule search has been done.
#  Implicit/static pattern stem: `render/textures'
#  Last modified 2023-07-11 08:25:48
#  File has been updated.
#  Successfully updated.
# variable set hash-table stats:
# Load=0/32=0%, Rehash=0, Collisions=0/0=0%
#  commands to execute (from `Makefile', line 47):
	$(CC) $(FLAGS) -c $< -o $@
	

# Not a target:
utils/ft_atoi.c:
#  Implicit rule search has been done.
#  Last modified 2023-07-07 20:16:00
#  File has been updated.
#  Successfully updated.
# variable set hash-table stats:
# Load=0/32=0%, Rehash=0, Collisions=0/0=0%

parser/Check/headers.o: parser/Check/headers.c cub3d.h
#  Implicit rule search has been done.
#  Implicit/static pattern stem: `parser/Check/headers'
#  Last modified 2023-07-11 08:25:48
#  File has been updated.
#  Successfully updated.
# variable set hash-table stats:
# Load=0/32=0%, Rehash=0, Collisions=0/0=0%
#  commands to execute (from `Makefile', line 47):
	$(CC) $(FLAGS) -c $< -o $@
	

move/back.o: move/back.c cub3d.h
#  Implicit rule search has been done.
#  Implicit/static pattern stem: `move/back'
#  Last modified 2023-07-11 08:25:47
#  File has been updated.
#  Successfully updated.
# variable set hash-table stats:
# Load=0/32=0%, Rehash=0, Collisions=0/0=0%
#  commands to execute (from `Makefile', line 47):
	$(CC) $(FLAGS) -c $< -o $@
	

move/rotate_right.o: move/rotate_right.c cub3d.h
#  Implicit rule search has been done.
#  Implicit/static pattern stem: `move/rotate_right'
#  Last modified 2023-07-11 08:25:47
#  File has been updated.
#  Successfully updated.
# variable set hash-table stats:
# Load=0/32=0%, Rehash=0, Collisions=0/0=0%
#  commands to execute (from `Makefile', line 47):
	$(CC) $(FLAGS) -c $< -o $@
	

# Not a target:
utils/ft_error.c:
#  Implicit rule search has been done.
#  Last modified 2023-07-07 20:16:00
#  File has been updated.
#  Successfully updated.
# variable set hash-table stats:
# Load=0/32=0%, Rehash=0, Collisions=0/0=0%

# Not a target:
move/esc.c:
#  Implicit rule search has been done.
#  Last modified 2023-07-11 08:19:17
#  File has been updated.
#  Successfully updated.
# variable set hash-table stats:
# Load=0/32=0%, Rehash=0, Collisions=0/0=0%

# Not a target:
parser/Check/floor_ciel.c:
#  Implicit rule search has been done.
#  Last modified 2023-07-07 20:16:00
#  File has been updated.
#  Successfully updated.
# variable set hash-table stats:
# Load=0/32=0%, Rehash=0, Collisions=0/0=0%

cast/raycastingh.o: cast/raycastingh.c cub3d.h
#  Implicit rule search has been done.
#  Implicit/static pattern stem: `cast/raycastingh'
#  Last modified 2023-07-11 08:25:48
#  File has been updated.
#  Successfully updated.
# variable set hash-table stats:
# Load=0/32=0%, Rehash=0, Collisions=0/0=0%
#  commands to execute (from `Makefile', line 47):
	$(CC) $(FLAGS) -c $< -o $@
	

# Not a target:
parser/Check/elements.c:
#  Implicit rule search has been done.
#  Last modified 2023-07-07 20:16:00
#  File has been updated.
#  Successfully updated.
# variable set hash-table stats:
# Load=0/32=0%, Rehash=0, Collisions=0/0=0%

move/esc.o: move/esc.c cub3d.h
#  Implicit rule search has been done.
#  Implicit/static pattern stem: `move/esc'
#  Last modified 2023-07-11 08:25:47
#  File has been updated.
#  Successfully updated.
# variable set hash-table stats:
# Load=0/32=0%, Rehash=0, Collisions=0/0=0%
#  commands to execute (from `Makefile', line 47):
	$(CC) $(FLAGS) -c $< -o $@
	

# Not a target:
gnl/gnl_utils.c:
#  Implicit rule search has been done.
#  Last modified 2023-07-07 20:16:00
#  File has been updated.
#  Successfully updated.
# variable set hash-table stats:
# Load=0/32=0%, Rehash=0, Collisions=0/0=0%

parser/Check/floor_ciel.o: parser/Check/floor_ciel.c cub3d.h
#  Implicit rule search has been done.
#  Implicit/static pattern stem: `parser/Check/floor_ciel'
#  Last modified 2023-07-11 08:25:48
#  File has been updated.
#  Successfully updated.
# variable set hash-table stats:
# Load=0/32=0%, Rehash=0, Collisions=0/0=0%
#  commands to execute (from `Makefile', line 47):
	$(CC) $(FLAGS) -c $< -o $@
	

gnl/gnl.o: gnl/gnl.c cub3d.h
#  Implicit rule search has been done.
#  Implicit/static pattern stem: `gnl/gnl'
#  Last modified 2023-07-11 08:25:49
#  File has been updated.
#  Successfully updated.
# variable set hash-table stats:
# Load=0/32=0%, Rehash=0, Collisions=0/0=0%
#  commands to execute (from `Makefile', line 47):
	$(CC) $(FLAGS) -c $< -o $@
	

# Not a target:
cast/raycastingv.c:
#  Implicit rule search has been done.
#  Last modified 2023-07-11 08:15:58
#  File has been updated.
#  Successfully updated.
# variable set hash-table stats:
# Load=0/32=0%, Rehash=0, Collisions=0/0=0%

# files hash-table stats:
# Load=96/1024=9%, Rehash=0, Collisions=63/374=17%
# VPATH Search Paths

# No `vpath' search paths.

# No general (`VPATH' variable) search path.

# # of strings in strcache: 1
# # of strcache buffers: 1
# strcache size: total = 4096 / max = 4096 / min = 4096 / avg = 4096
# strcache free: total = 4087 / max = 4087 / min = 4087 / avg = 4087

# Finished Make data base on Tue Jul 11 08:26:24 2023

 
